<testsuite failures="0" name="src/main/java/pauta/pauta-creation.feature" skipped="0" tests="1" time="0.917542">
  <testcase classname="src.main.java.pauta.pauta-creation" name="Test POST creat Pauta" time="0.917542">
    <system-out>* def uuidRandom = ........................................................ passed
* def numberRandom = ...................................................... passed
* def pauta = ............................................................. passed
Given url 'http://localhost:8080' ......................................... passed
And path 'v1/pautas' ...................................................... passed
And request pauta ......................................................... passed
When method POST .......................................................... passed
Then status 201 ........................................................... passed</system-out>
  </testcase>
</testsuite>
